<?xml version="1.0" encoding="UTF-8"?>
<!-- Generated by org.testng.reporters.JUnitReportReporter -->
<testsuite hostname="Manishas-MBP" failures="0" tests="7" name="com.webshop.tests.LoginPageTest" time="60.026" errors="0" timestamp="2024-11-20T17:10:29 EST" skipped="0">
  <testcase classname="com.webshop.tests.LoginPageTest" name="multipleloginpwd" time="10.553"/>
  <testcase classname="com.webshop.tests.LoginPageTest" name="multipleloginpwd" time="10.084"/>
  <testcase classname="com.webshop.tests.LoginPageTest" name="multipleloginpwd" time="10.064"/>
  <testcase classname="com.webshop.tests.LoginPageTest" name="loginpagetitle" time="6.776"/>
  <testcase classname="com.webshop.tests.LoginPageTest" name="InvalidEmail" time="6.904"/>
  <testcase classname="com.webshop.tests.LoginPageTest" name="InvalidPwd" time="7.552"/>
  <testcase classname="com.webshop.tests.LoginPageTest" name="testloginFunction" time="8.093"/>
</testsuite> <!-- com.webshop.tests.LoginPageTest -->
