<?xml version="1.0" encoding="UTF-8"?>
<!-- Generated by org.testng.reporters.JUnitReportReporter -->
<testsuite hostname="Manishas-MBP" failures="0" tests="1" name="com.webshop.tests.RegisterPageTest" time="10.398" errors="0" timestamp="2024-11-17T20:07:09 EST" skipped="0">
  <testcase classname="com.webshop.tests.RegisterPageTest" name="Registration" time="10.398"/>
</testsuite> <!-- com.webshop.tests.RegisterPageTest -->
