<?xml version="1.0" encoding="UTF-8"?>
<!-- Generated by org.testng.reporters.JUnitReportReporter -->
<testsuite hostname="Manishas-MBP" failures="0" tests="1" name="com.webshop.driver.DriverScript" time="5.499" errors="0" timestamp="2024-11-14T14:00:11 EST" skipped="0">
  <testcase classname="com.webshop.driver.DriverScript" name="initApplication" time="5.499"/>
</testsuite> <!-- com.webshop.driver.DriverScript -->
