<?xml version="1.0" encoding="UTF-8"?>
<!-- Generated by org.testng.reporters.JUnitReportReporter -->
<testsuite hostname="Manishas-MBP" failures="0" tests="1" name="com.webshop.tests.ApparelShoes" time="24.444" errors="0" timestamp="2024-11-21T18:59:17 EST" skipped="0">
  <testcase classname="com.webshop.tests.ApparelShoes" name="AddandDeleteproductsfromApparelShoesMenu" time="24.444"/>
</testsuite> <!-- com.webshop.tests.ApparelShoes -->
